<?xml version="1.0" encoding="UTF-8"?>
<!-- Generated by org.testng.reporters.JUnitXMLReporter -->
<testsuite hostname="MACPRO107.local" ignored="4" name="Command line test" tests="6" failures="1" timestamp="24 Jul 2019 14:28:56 GMT" time="4.428" errors="0">
  <testcase name="@BeforeTest setupParameters" time="0.0" classname="com.newtours.tests.BookFlightTest">
    <failure type="org.testng.TestNGException" message="
Parameter &amp;apos;noOfPassengers&amp;apos; is required by BeforeTest on method setupParameters but has not been marked @Optional or defined
">
      <![CDATA[org.testng.TestNGException: 
Parameter 'noOfPassengers' is required by BeforeTest on method setupParameters but has not been marked @Optional or defined

... Removed 31 stack frames]]>
    </failure>
  </testcase> <!-- @BeforeTest setupParameters -->
  <testcase name="@AfterTest quitDriver" time="0.0" classname="com.tests.BaseTest">
    <skipped/>
  </testcase> <!-- @AfterTest quitDriver -->
  <testcase name="search" time="0.0" classname="com.searchmodule.tests.SearchTest">
    <failure type="org.testng.TestNGException" message="
Parameter &amp;apos;keyword&amp;apos; is required by @Test on method search but has not been marked @Optional or defined
">
      <![CDATA[org.testng.TestNGException: 
Parameter 'keyword' is required by @Test on method search but has not been marked @Optional or defined

... Removed 34 stack frames]]>
    </failure>
  </testcase> <!-- search -->
  <testcase name="registrationPage" time="0.0" classname="com.newtours.tests.BookFlightTest">
    <skipped/>
  </testcase> <!-- registrationPage -->
  <testcase name="registrationConfirmationPage" time="0.0" classname="com.newtours.tests.BookFlightTest">
    <skipped/>
  </testcase> <!-- registrationConfirmationPage -->
  <testcase name="flightDetailsPage" time="0.0" classname="com.newtours.tests.BookFlightTest">
    <skipped/>
  </testcase> <!-- flightDetailsPage -->
  <testcase name="findFlightPage" time="0.0" classname="com.newtours.tests.BookFlightTest">
    <skipped/>
  </testcase> <!-- findFlightPage -->
  <testcase name="flightConfirmationPage" time="0.0" classname="com.newtours.tests.BookFlightTest">
    <skipped/>
  </testcase> <!-- flightConfirmationPage -->
  <testcase name="@BeforeTest setupDriver" time="0.0" classname="com.tests.BaseTest">
    <ignored/>
  </testcase> <!-- @BeforeTest setupDriver -->
  <testcase name="@BeforeTest setupDriver" time="0.0" classname="com.tests.BaseTest">
    <ignored/>
  </testcase> <!-- @BeforeTest setupDriver -->
  <testcase name="@AfterTest quitDriver" time="0.0" classname="com.tests.BaseTest">
    <ignored/>
  </testcase> <!-- @AfterTest quitDriver -->
  <testcase name="@AfterTest quitDriver" time="0.0" classname="com.tests.BaseTest">
    <ignored/>
  </testcase> <!-- @AfterTest quitDriver -->
</testsuite> <!-- Command line test -->
