<!DOCTYPE html>

<html>
  <head>
  <meta charset='utf-8'>
  <title>TestNG reports</title>

    <link type="text/css" href="testng-reports.css" rel="stylesheet" />
    <script type="text/javascript" src="jquery-1.7.1.min.js"></script>
    <script type="text/javascript" src="testng-reports.js"></script>
    <script type="text/javascript" src="https://www.google.com/jsapi"></script>
    <script type='text/javascript'>
      google.load('visualization', '1', {packages:['table']});
      google.setOnLoadCallback(drawTable);
      var suiteTableInitFunctions = new Array();
      var suiteTableData = new Array();
    </script>
    <!--
      <script type="text/javascript" src="jquery-ui/js/jquery-ui-1.8.16.custom.min.js"></script>
     -->
  </head>

  <body>
    <div class="top-banner-root">
      <span class="top-banner-title-font">Test results</span>
      <br/>
      <span class="top-banner-font-1">1 suite, 3 failed tests</span>
    </div> <!-- top-banner-root -->
    <div class="navigator-root">
      <div class="navigator-suite-header">
        <span>All suites</span>
        <a href="#" class="collapse-all-link" title="Collapse/expand all the suites">
          <img class="collapse-all-icon" src="collapseall.gif">
          </img> <!-- collapse-all-icon -->
        </a> <!-- collapse-all-link -->
      </div> <!-- navigator-suite-header -->
      <div class="suite">
        <div class="rounded-window">
          <div class="suite-header light-rounded-window-top">
            <a href="#" class="navigator-link" panel-name="suite-search-module">
              <span class="suite-name border-failed">search-module</span>
            </a> <!-- navigator-link -->
          </div> <!-- suite-header light-rounded-window-top -->
          <div class="navigator-suite-content">
            <div class="suite-section-title">
              <span>Info</span>
            </div> <!-- suite-section-title -->
            <div class="suite-section-content">
              <ul>
                <li>
                  <a href="#" class="navigator-link " panel-name="test-xml-search-module">
                    <span>search-module.xml</span>
                  </a> <!-- navigator-link  -->
                </li>
                <li>
                  <a href="#" class="navigator-link " panel-name="testlist-search-module">
                    <span class="test-stats">4 tests</span>
                  </a> <!-- navigator-link  -->
                </li>
                <li>
                  <a href="#" class="navigator-link " panel-name="group-search-module">
                    <span>0 groups</span>
                  </a> <!-- navigator-link  -->
                </li>
                <li>
                  <a href="#" class="navigator-link " panel-name="times-search-module">
                    <span>Times</span>
                  </a> <!-- navigator-link  -->
                </li>
                <li>
                  <a href="#" class="navigator-link " panel-name="reporter-search-module">
                    <span>Reporter output</span>
                  </a> <!-- navigator-link  -->
                </li>
                <li>
                  <a href="#" class="navigator-link " panel-name="ignored-methods-search-module">
                    <span>Ignored methods</span>
                  </a> <!-- navigator-link  -->
                </li>
                <li>
                  <a href="#" class="navigator-link " panel-name="chronological-search-module">
                    <span>Chronological view</span>
                  </a> <!-- navigator-link  -->
                </li>
              </ul>
            </div> <!-- suite-section-content -->
            <div class="result-section">
              <div class="suite-section-title">
                <span>Results</span>
              </div> <!-- suite-section-title -->
              <div class="suite-section-content">
                <ul>
                  <li>
                    <span class="method-stats">4 methods, 3 failed,   1 passed</span>
                  </li>
                  <li>
                    <span class="method-list-title failed">Failed methods</span>
                    <span class="show-or-hide-methods failed">
                      <a href="#" panel-name="suite-search-module" class="hide-methods failed suite-search-module"> (hide)</a> <!-- hide-methods failed suite-search-module -->
                      <a href="#" panel-name="suite-search-module" class="show-methods failed suite-search-module"> (show)</a> <!-- show-methods failed suite-search-module -->
                    </span>
                    <div class="method-list-content failed suite-search-module">
                      <span>
                        <img width="3%" src="failed.png"/>
                        <a href="#" class="method navigator-link" panel-name="suite-search-module" title="com.searchmodule.tests.SearchTest" hash-for-method="search(webdriver)">search(webdriver)</a> <!-- method navigator-link -->
                      </span>
                      <br/>
                      <span>
                        <img width="3%" src="failed.png"/>
                        <a href="#" class="method navigator-link" panel-name="suite-search-module" title="com.searchmodule.tests.SearchTest" hash-for-method="search(docker)">search(docker)</a> <!-- method navigator-link -->
                      </span>
                      <br/>
                      <span>
                        <img width="3%" src="failed.png"/>
                        <a href="#" class="method navigator-link" panel-name="suite-search-module" title="com.searchmodule.tests.SearchTest" hash-for-method="search(kubernetes)">search(kubernetes)</a> <!-- method navigator-link -->
                      </span>
                      <br/>
                    </div> <!-- method-list-content failed suite-search-module -->
                  </li>
                  <li>
                    <span class="method-list-title passed">Passed methods</span>
                    <span class="show-or-hide-methods passed">
                      <a href="#" panel-name="suite-search-module" class="hide-methods passed suite-search-module"> (hide)</a> <!-- hide-methods passed suite-search-module -->
                      <a href="#" panel-name="suite-search-module" class="show-methods passed suite-search-module"> (show)</a> <!-- show-methods passed suite-search-module -->
                    </span>
                    <div class="method-list-content passed suite-search-module">
                      <span>
                        <img width="3%" src="passed.png"/>
                        <a href="#" class="method navigator-link" panel-name="suite-search-module" title="com.searchmodule.tests.SearchTest" hash-for-method="search(java)">search(java)</a> <!-- method navigator-link -->
                      </span>
                      <br/>
                    </div> <!-- method-list-content passed suite-search-module -->
                  </li>
                </ul>
              </div> <!-- suite-section-content -->
            </div> <!-- result-section -->
          </div> <!-- navigator-suite-content -->
        </div> <!-- rounded-window -->
      </div> <!-- suite -->
    </div> <!-- navigator-root -->
    <div class="wrapper">
      <div class="main-panel-root">
        <div panel-name="suite-search-module" class="panel search-module">
          <div class="suite-search-module-class-failed">
            <div class="main-panel-header rounded-window-top">
              <img src="failed.png"/>
              <span class="class-name">com.searchmodule.tests.SearchTest</span>
            </div> <!-- main-panel-header rounded-window-top -->
            <div class="main-panel-content rounded-window-bottom">
              <div class="method">
                <div class="method-content">
                  <a name="search(webdriver)">
                  </a> <!-- search(webdriver) -->
                  <span class="method-name">search</span>
                  <span class="parameters">(webdriver)</span>
                  <div class="stack-trace">org.openqa.selenium.WebDriverException: Failed to interpret value as array
Build info: version: &apos;3.14.0&apos;, revision: &apos;aacccce0&apos;, time: &apos;2018-08-02T20:19:58.91Z&apos;
System info: host: &apos;MACPRO107&apos;, ip: &apos;fe80:0:0:0:3c:cd8d:834:915e%en0&apos;, os.name: &apos;Mac OS X&apos;, os.arch: &apos;x86_64&apos;, os.version: &apos;10.13.6&apos;, java.version: &apos;1.8.0_171&apos;
Driver info: org.openqa.selenium.remote.RemoteWebDriver
Capabilities {acceptInsecureCerts: true, browserName: firefox, browserVersion: 63.0, javascriptEnabled: true, moz:accessibilityChecks: false, moz:geckodriverVersion: 0.23.0, moz:headless: false, moz:processID: 78, moz:profile: /tmp/rust_mozprofile.fQDthC..., moz:useNonSpecCompliantPointerOrigin: false, moz:webdriverClick: true, pageLoadStrategy: normal, platform: LINUX, platformName: LINUX, platformVersion: 4.9.125-linuxkit, rotatable: false, setWindowRect: true, timeouts: {implicit: 0, pageLoad: 300000, script: 30000}, unhandledPromptBehavior: dismiss and notify, webdriver.remote.sessionid: 072d616c-47a4-429d-8c5e-559...}
Session ID: 072d616c-47a4-429d-8c5e-559d8e78386f
*** Element info: {Using=class name, value=tile--vid}
	at org.openqa.selenium.remote.http.W3CHttpResponseCodec.createException(W3CHttpResponseCodec.java:187)
	at org.openqa.selenium.remote.http.W3CHttpResponseCodec.decode(W3CHttpResponseCodec.java:122)
	at org.openqa.selenium.remote.http.W3CHttpResponseCodec.decode(W3CHttpResponseCodec.java:49)
	at org.openqa.selenium.remote.HttpCommandExecutor.execute(HttpCommandExecutor.java:158)
	at org.openqa.selenium.remote.RemoteWebDriver.execute(RemoteWebDriver.java:548)
	at org.openqa.selenium.remote.RemoteWebDriver.findElements(RemoteWebDriver.java:349)
	at org.openqa.selenium.remote.RemoteWebDriver.findElementsByClassName(RemoteWebDriver.java:412)
	at org.openqa.selenium.By$ByClassName.findElements(By.java:380)
	at org.openqa.selenium.remote.RemoteWebDriver.findElements(RemoteWebDriver.java:310)
	at org.openqa.selenium.support.ui.ExpectedConditions.findElements(ExpectedConditions.java:914)
	at org.openqa.selenium.support.ui.ExpectedConditions.access$200(ExpectedConditions.java:44)
	at org.openqa.selenium.support.ui.ExpectedConditions$34.apply(ExpectedConditions.java:1026)
	at org.openqa.selenium.support.ui.ExpectedConditions$34.apply(ExpectedConditions.java:1021)
	at org.openqa.selenium.support.ui.FluentWait.until(FluentWait.java:260)
	at com.searchmodule.pages.SearchPage.getResult(SearchPage.java:53)
	at com.searchmodule.tests.SearchTest.search(SearchTest.java:18)
... Removed 28 stack frames
</div> <!-- stack-trace -->
                </div> <!-- method-content -->
              </div> <!-- method -->
              <div class="method">
                <div class="method-content">
                  <a name="search(docker)">
                  </a> <!-- search(docker) -->
                  <span class="method-name">search</span>
                  <span class="parameters">(docker)</span>
                  <div class="stack-trace">org.openqa.selenium.WebDriverException: Failed to decode response from marionette
Build info: version: &apos;3.14.0&apos;, revision: &apos;aacccce0&apos;, time: &apos;2018-08-02T20:19:58.91Z&apos;
System info: host: &apos;MACPRO107&apos;, ip: &apos;fe80:0:0:0:3c:cd8d:834:915e%en0&apos;, os.name: &apos;Mac OS X&apos;, os.arch: &apos;x86_64&apos;, os.version: &apos;10.13.6&apos;, java.version: &apos;1.8.0_171&apos;
Driver info: org.openqa.selenium.remote.RemoteWebDriver
Capabilities {acceptInsecureCerts: true, browserName: firefox, browserVersion: 63.0, javascriptEnabled: true, moz:accessibilityChecks: false, moz:geckodriverVersion: 0.23.0, moz:headless: false, moz:processID: 79, moz:profile: /tmp/rust_mozprofile.hHYS4O..., moz:useNonSpecCompliantPointerOrigin: false, moz:webdriverClick: true, pageLoadStrategy: normal, platform: LINUX, platformName: LINUX, platformVersion: 4.9.125-linuxkit, rotatable: false, setWindowRect: true, timeouts: {implicit: 0, pageLoad: 300000, script: 30000}, unhandledPromptBehavior: dismiss and notify, webdriver.remote.sessionid: 9c9df69f-0de7-4387-95fd-784...}
Session ID: 9c9df69f-0de7-4387-95fd-7843c38d9e5d
*** Element info: {Using=class name, value=tile--vid}
	at org.openqa.selenium.remote.http.W3CHttpResponseCodec.createException(W3CHttpResponseCodec.java:187)
	at org.openqa.selenium.remote.http.W3CHttpResponseCodec.decode(W3CHttpResponseCodec.java:122)
	at org.openqa.selenium.remote.http.W3CHttpResponseCodec.decode(W3CHttpResponseCodec.java:49)
	at org.openqa.selenium.remote.HttpCommandExecutor.execute(HttpCommandExecutor.java:158)
	at org.openqa.selenium.remote.RemoteWebDriver.execute(RemoteWebDriver.java:548)
	at org.openqa.selenium.remote.RemoteWebDriver.findElements(RemoteWebDriver.java:349)
	at org.openqa.selenium.remote.RemoteWebDriver.findElementsByClassName(RemoteWebDriver.java:412)
	at org.openqa.selenium.By$ByClassName.findElements(By.java:380)
	at org.openqa.selenium.remote.RemoteWebDriver.findElements(RemoteWebDriver.java:310)
	at org.openqa.selenium.support.ui.ExpectedConditions.findElements(ExpectedConditions.java:914)
	at org.openqa.selenium.support.ui.ExpectedConditions.access$200(ExpectedConditions.java:44)
	at org.openqa.selenium.support.ui.ExpectedConditions$34.apply(ExpectedConditions.java:1026)
	at org.openqa.selenium.support.ui.ExpectedConditions$34.apply(ExpectedConditions.java:1021)
	at org.openqa.selenium.support.ui.FluentWait.until(FluentWait.java:260)
	at com.searchmodule.pages.SearchPage.getResult(SearchPage.java:53)
	at com.searchmodule.tests.SearchTest.search(SearchTest.java:18)
... Removed 28 stack frames
</div> <!-- stack-trace -->
                </div> <!-- method-content -->
              </div> <!-- method -->
              <div class="method">
                <div class="method-content">
                  <a name="search(kubernetes)">
                  </a> <!-- search(kubernetes) -->
                  <span class="method-name">search</span>
                  <span class="parameters">(kubernetes)</span>
                  <div class="stack-trace">org.openqa.selenium.WebDriverException: Failed to decode response from marionette
Build info: version: &apos;3.14.0&apos;, revision: &apos;aacccce0&apos;, time: &apos;2018-08-02T20:19:58.91Z&apos;
System info: host: &apos;MACPRO107&apos;, ip: &apos;fe80:0:0:0:3c:cd8d:834:915e%en0&apos;, os.name: &apos;Mac OS X&apos;, os.arch: &apos;x86_64&apos;, os.version: &apos;10.13.6&apos;, java.version: &apos;1.8.0_171&apos;
Driver info: org.openqa.selenium.remote.RemoteWebDriver
Capabilities {acceptInsecureCerts: true, browserName: firefox, browserVersion: 63.0, javascriptEnabled: true, moz:accessibilityChecks: false, moz:geckodriverVersion: 0.23.0, moz:headless: false, moz:processID: 307, moz:profile: /tmp/rust_mozprofile.pBzBtS..., moz:useNonSpecCompliantPointerOrigin: false, moz:webdriverClick: true, pageLoadStrategy: normal, platform: LINUX, platformName: LINUX, platformVersion: 4.9.125-linuxkit, rotatable: false, setWindowRect: true, timeouts: {implicit: 0, pageLoad: 300000, script: 30000}, unhandledPromptBehavior: dismiss and notify, webdriver.remote.sessionid: ebcb161b-6179-4dd0-8e8d-f4b...}
Session ID: ebcb161b-6179-4dd0-8e8d-f4bad5adfccc
*** Element info: {Using=class name, value=tile--vid}
	at org.openqa.selenium.remote.http.W3CHttpResponseCodec.createException(W3CHttpResponseCodec.java:187)
	at org.openqa.selenium.remote.http.W3CHttpResponseCodec.decode(W3CHttpResponseCodec.java:122)
	at org.openqa.selenium.remote.http.W3CHttpResponseCodec.decode(W3CHttpResponseCodec.java:49)
	at org.openqa.selenium.remote.HttpCommandExecutor.execute(HttpCommandExecutor.java:158)
	at org.openqa.selenium.remote.RemoteWebDriver.execute(RemoteWebDriver.java:548)
	at org.openqa.selenium.remote.RemoteWebDriver.findElements(RemoteWebDriver.java:349)
	at org.openqa.selenium.remote.RemoteWebDriver.findElementsByClassName(RemoteWebDriver.java:412)
	at org.openqa.selenium.By$ByClassName.findElements(By.java:380)
	at org.openqa.selenium.remote.RemoteWebDriver.findElements(RemoteWebDriver.java:310)
	at org.openqa.selenium.support.ui.ExpectedConditions.findElements(ExpectedConditions.java:914)
	at org.openqa.selenium.support.ui.ExpectedConditions.access$200(ExpectedConditions.java:44)
	at org.openqa.selenium.support.ui.ExpectedConditions$34.apply(ExpectedConditions.java:1026)
	at org.openqa.selenium.support.ui.ExpectedConditions$34.apply(ExpectedConditions.java:1021)
	at org.openqa.selenium.support.ui.FluentWait.until(FluentWait.java:260)
	at com.searchmodule.pages.SearchPage.getResult(SearchPage.java:53)
	at com.searchmodule.tests.SearchTest.search(SearchTest.java:18)
... Removed 28 stack frames
</div> <!-- stack-trace -->
                </div> <!-- method-content -->
              </div> <!-- method -->
            </div> <!-- main-panel-content rounded-window-bottom -->
          </div> <!-- suite-search-module-class-failed -->
          <div class="suite-search-module-class-passed">
            <div class="main-panel-header rounded-window-top">
              <img src="passed.png"/>
              <span class="class-name">com.searchmodule.tests.SearchTest</span>
            </div> <!-- main-panel-header rounded-window-top -->
            <div class="main-panel-content rounded-window-bottom">
              <div class="method">
                <div class="method-content">
                  <a name="search(java)">
                  </a> <!-- search(java) -->
                  <span class="method-name">search</span>
                  <span class="parameters">(java)</span>
                </div> <!-- method-content -->
              </div> <!-- method -->
            </div> <!-- main-panel-content rounded-window-bottom -->
          </div> <!-- suite-search-module-class-passed -->
        </div> <!-- panel search-module -->
        <div panel-name="test-xml-search-module" class="panel">
          <div class="main-panel-header rounded-window-top">
            <span class="header-content">/Users/admin/Documents/_Work/Sephora/code/selenium-docker-master/search-module.xml</span>
          </div> <!-- main-panel-header rounded-window-top -->
          <div class="main-panel-content rounded-window-bottom">
            <pre>
&lt;?xml version=&quot;1.0&quot; encoding=&quot;UTF-8&quot;?&gt;
&lt;!DOCTYPE suite SYSTEM &quot;http://testng.org/testng-1.0.dtd&quot;&gt;
&lt;suite guice-stage=&quot;DEVELOPMENT&quot; name=&quot;search-module&quot;&gt;
  &lt;test thread-count=&quot;5&quot; name=&quot;search-test-java&quot;&gt;
    &lt;parameter name=&quot;keyword&quot; value=&quot;java&quot;/&gt;
    &lt;classes&gt;
      &lt;class name=&quot;com.searchmodule.tests.SearchTest&quot;/&gt;
    &lt;/classes&gt;
  &lt;/test&gt; &lt;!-- search-test-java --&gt;
  &lt;test thread-count=&quot;5&quot; name=&quot;search-test-webdriver&quot;&gt;
    &lt;parameter name=&quot;keyword&quot; value=&quot;webdriver&quot;/&gt;
    &lt;classes&gt;
      &lt;class name=&quot;com.searchmodule.tests.SearchTest&quot;/&gt;
    &lt;/classes&gt;
  &lt;/test&gt; &lt;!-- search-test-webdriver --&gt;
  &lt;test thread-count=&quot;5&quot; name=&quot;search-test-docker&quot;&gt;
    &lt;parameter name=&quot;keyword&quot; value=&quot;docker&quot;/&gt;
    &lt;classes&gt;
      &lt;class name=&quot;com.searchmodule.tests.SearchTest&quot;/&gt;
    &lt;/classes&gt;
  &lt;/test&gt; &lt;!-- search-test-docker --&gt;
  &lt;test thread-count=&quot;5&quot; name=&quot;search-test-kubernetes&quot;&gt;
    &lt;parameter name=&quot;keyword&quot; value=&quot;kubernetes&quot;/&gt;
    &lt;classes&gt;
      &lt;class name=&quot;com.searchmodule.tests.SearchTest&quot;/&gt;
    &lt;/classes&gt;
  &lt;/test&gt; &lt;!-- search-test-kubernetes --&gt;
&lt;/suite&gt; &lt;!-- search-module --&gt;
            </pre>
          </div> <!-- main-panel-content rounded-window-bottom -->
        </div> <!-- panel -->
        <div panel-name="testlist-search-module" class="panel">
          <div class="main-panel-header rounded-window-top">
            <span class="header-content">Tests for search-module</span>
          </div> <!-- main-panel-header rounded-window-top -->
          <div class="main-panel-content rounded-window-bottom">
            <ul>
              <li>
                <span class="test-name">search-test-java (1 class)</span>
              </li>
              <li>
                <span class="test-name">search-test-webdriver (1 class)</span>
              </li>
              <li>
                <span class="test-name">search-test-docker (1 class)</span>
              </li>
              <li>
                <span class="test-name">search-test-kubernetes (1 class)</span>
              </li>
            </ul>
          </div> <!-- main-panel-content rounded-window-bottom -->
        </div> <!-- panel -->
        <div panel-name="group-search-module" class="panel">
          <div class="main-panel-header rounded-window-top">
            <span class="header-content">Groups for search-module</span>
          </div> <!-- main-panel-header rounded-window-top -->
          <div class="main-panel-content rounded-window-bottom">
          </div> <!-- main-panel-content rounded-window-bottom -->
        </div> <!-- panel -->
        <div panel-name="times-search-module" class="panel">
          <div class="main-panel-header rounded-window-top">
            <span class="header-content">Times for search-module</span>
          </div> <!-- main-panel-header rounded-window-top -->
          <div class="main-panel-content rounded-window-bottom">
            <div class="times-div">
              <script type="text/javascript">
suiteTableInitFunctions.push('tableData_search-module');
function tableData_search-module() {
var data = new google.visualization.DataTable();
data.addColumn('number', 'Number');
data.addColumn('string', 'Method');
data.addColumn('string', 'Class');
data.addColumn('number', 'Time (ms)');
data.addRows(4);
data.setCell(0, 0, 0)
data.setCell(0, 1, 'search')
data.setCell(0, 2, 'com.searchmodule.tests.SearchTest')
data.setCell(0, 3, 10193);
data.setCell(1, 0, 1)
data.setCell(1, 1, 'search')
data.setCell(1, 2, 'com.searchmodule.tests.SearchTest')
data.setCell(1, 3, 9374);
data.setCell(2, 0, 2)
data.setCell(2, 1, 'search')
data.setCell(2, 2, 'com.searchmodule.tests.SearchTest')
data.setCell(2, 3, 8257);
data.setCell(3, 0, 3)
data.setCell(3, 1, 'search')
data.setCell(3, 2, 'com.searchmodule.tests.SearchTest')
data.setCell(3, 3, 5918);
window.suiteTableData['search-module']= { tableData: data, tableDiv: 'times-div-search-module'}
return data;
}
              </script>
              <span class="suite-total-time">Total running time: 33 seconds</span>
              <div id="times-div-search-module">
              </div> <!-- times-div-search-module -->
            </div> <!-- times-div -->
          </div> <!-- main-panel-content rounded-window-bottom -->
        </div> <!-- panel -->
        <div panel-name="reporter-search-module" class="panel">
          <div class="main-panel-header rounded-window-top">
            <span class="header-content">Reporter output for search-module</span>
          </div> <!-- main-panel-header rounded-window-top -->
          <div class="main-panel-content rounded-window-bottom">
          </div> <!-- main-panel-content rounded-window-bottom -->
        </div> <!-- panel -->
        <div panel-name="ignored-methods-search-module" class="panel">
          <div class="main-panel-header rounded-window-top">
            <span class="header-content">0 ignored methods</span>
          </div> <!-- main-panel-header rounded-window-top -->
          <div class="main-panel-content rounded-window-bottom">
          </div> <!-- main-panel-content rounded-window-bottom -->
        </div> <!-- panel -->
        <div panel-name="chronological-search-module" class="panel">
          <div class="main-panel-header rounded-window-top">
            <span class="header-content">Methods in chronological order</span>
          </div> <!-- main-panel-header rounded-window-top -->
          <div class="main-panel-content rounded-window-bottom">
            <div class="chronological-class">
              <div class="chronological-class-name">com.searchmodule.tests.SearchTest</div> <!-- chronological-class-name -->
              <div class="configuration-test before">
                <span class="method-name">setupDriver(org.testng.TestRunner@177bea38)</span>
                <span class="method-start">0 ms</span>
              </div> <!-- configuration-test before -->
              <div class="test-method">
                <span class="method-name">search(java)</span>
                <span class="method-start">3922 ms</span>
              </div> <!-- test-method -->
              <div class="configuration-test after">
                <span class="method-name">quitDriver</span>
                <span class="method-start">13297 ms</span>
              </div> <!-- configuration-test after -->
              <div class="configuration-test before">
                <span class="method-name">setupDriver(org.testng.TestRunner@7f132176)</span>
                <span class="method-start">14004 ms</span>
              </div> <!-- configuration-test before -->
              <div class="test-method">
                <img src="failed.png">
                </img>
                <span class="method-name">search(webdriver)</span>
                <span class="method-start">17029 ms</span>
              </div> <!-- test-method -->
              <div class="configuration-test after">
                <img src="failed.png">
                </img>
                <span class="method-name">quitDriver</span>
                <span class="method-start">22947 ms</span>
              </div> <!-- configuration-test after -->
              <div class="configuration-test before">
                <span class="method-name">setupDriver(org.testng.TestRunner@6ed3f258)</span>
                <span class="method-start">23401 ms</span>
              </div> <!-- configuration-test before -->
              <div class="test-method">
                <img src="failed.png">
                </img>
                <span class="method-name">search(docker)</span>
                <span class="method-start">26061 ms</span>
              </div> <!-- test-method -->
              <div class="configuration-test after">
                <img src="failed.png">
                </img>
                <span class="method-name">quitDriver</span>
                <span class="method-start">34318 ms</span>
              </div> <!-- configuration-test after -->
              <div class="configuration-test before">
                <span class="method-name">setupDriver(org.testng.TestRunner@8ad6665)</span>
                <span class="method-start">34355 ms</span>
              </div> <!-- configuration-test before -->
              <div class="test-method">
                <img src="failed.png">
                </img>
                <span class="method-name">search(kubernetes)</span>
                <span class="method-start">36524 ms</span>
              </div> <!-- test-method -->
              <div class="configuration-test after">
                <img src="failed.png">
                </img>
                <span class="method-name">quitDriver</span>
                <span class="method-start">46717 ms</span>
              </div> <!-- configuration-test after -->
          </div> <!-- main-panel-content rounded-window-bottom -->
        </div> <!-- panel -->
      </div> <!-- main-panel-root -->
    </div> <!-- wrapper -->
  </body>
</html>
